<?xml version="1.0" encoding="UTF-8"?>
<coverage generated="1653453096268" clover="3.2.0">
  <project timestamp="1653453096269" name="All files">
    <metrics statements="31" coveredstatements="31" conditionals="3" coveredconditionals="2" methods="18" coveredmethods="18" elements="52" coveredelements="51" complexity="0" loc="31" ncloc="31" packages="1" files="2" classes="2"/>
    <file name="inyector.repository.ts" path="D:\StarTrek\startrek-api\src\inyector\inyector.repository.ts">
      <metrics statements="4" coveredstatements="4" conditionals="0" coveredconditionals="0" methods="2" coveredmethods="2"/>
      <line num="2" count="1" type="stmt"/>
      <line num="4" count="1" type="stmt"/>
      <line num="5" count="7" type="stmt"/>
      <line num="8" count="21" type="stmt"/>
    </file>
    <file name="inyector.service.ts" path="D:\StarTrek\startrek-api\src\inyector\inyector.service.ts">
      <metrics statements="27" coveredstatements="27" conditionals="3" coveredconditionals="2" methods="16" coveredmethods="16"/>
      <line num="4" count="1" type="stmt"/>
      <line num="8" count="7" type="stmt"/>
      <line num="12" count="2" type="stmt"/>
      <line num="16" count="1" type="stmt"/>
      <line num="17" count="1" type="stmt"/>
      <line num="21" count="1" type="stmt"/>
      <line num="22" count="3" type="stmt"/>
      <line num="26" count="1" type="stmt"/>
      <line num="27" count="1" type="stmt"/>
      <line num="31" count="4" type="stmt"/>
      <line num="32" count="12" type="stmt"/>
      <line num="33" count="4" type="stmt"/>
      <line num="34" count="4" type="cond" truecount="1" falsecount="0"/>
      <line num="35" count="9" type="stmt"/>
      <line num="36" count="3" type="stmt"/>
      <line num="37" count="9" type="stmt"/>
      <line num="39" count="1" type="stmt"/>
      <line num="43" count="3" type="stmt"/>
      <line num="44" count="3" type="cond" truecount="1" falsecount="0"/>
      <line num="45" count="1" type="stmt"/>
      <line num="46" count="2" type="stmt"/>
      <line num="50" count="4" type="stmt"/>
      <line num="51" count="12" type="stmt"/>
      <line num="55" count="9" type="stmt"/>
      <line num="56" count="4" type="cond" truecount="0" falsecount="1"/>
      <line num="57" count="4" type="stmt"/>
      <line num="58" count="4" type="stmt"/>
    </file>
  </project>
</coverage>
