{"D:\\StarTrek\\startrek-api\\src\\inyector\\inyector.repository.ts": {"path":"D:\\StarTrek\\startrek-api\\src\\inyector\\inyector.repository.ts","statementMap":{"0":{"start":{"line":2,"column":0},"end":{"line":2,"column":44}},"1":{"start":{"line":5,"column":4},"end":{"line":5,"column":null}},"2":{"start":{"line":8,"column":8},"end":{"line":8,"column":30}},"3":{"start":{"line":4,"column":0},"end":{"line":4,"column":21}}},"fnMap":{"0":{"name":"(anonymous_1)","decl":{"start":{"line":4,"column":0},"end":{"line":4,"column":21}},"loc":{"start":{"line":4,"column":0},"end":{"line":11,"column":1}}},"1":{"name":"(anonymous_2)","decl":{"start":{"line":7,"column":4},"end":{"line":7,"column":16}},"loc":{"start":{"line":7,"column":16},"end":{"line":9,"column":5}}}},"branchMap":{},"s":{"0":1,"1":7,"2":21,"3":1},"f":{"0":7,"1":21},"b":{}}
,"D:\\StarTrek\\startrek-api\\src\\inyector\\inyector.service.ts": {"path":"D:\\StarTrek\\startrek-api\\src\\inyector\\inyector.service.ts","statementMap":{"0":{"start":{"line":8,"column":8},"end":{"line":8,"column":null}},"1":{"start":{"line":12,"column":8},"end":{"line":12,"column":null}},"2":{"start":{"line":16,"column":21},"end":{"line":16,"column":77}},"3":{"start":{"line":16,"column":68},"end":{"line":16,"column":76}},"4":{"start":{"line":17,"column":8},"end":{"line":17,"column":21}},"5":{"start":{"line":21,"column":25},"end":{"line":23,"column":null}},"6":{"start":{"line":22,"column":73},"end":{"line":22,"column":77}},"7":{"start":{"line":26,"column":8},"end":{"line":26,"column":null}},"8":{"start":{"line":27,"column":8},"end":{"line":27,"column":null}},"9":{"start":{"line":31,"column":26},"end":{"line":31,"column":53}},"10":{"start":{"line":32,"column":33},"end":{"line":32,"column":105}},"11":{"start":{"line":32,"column":82},"end":{"line":32,"column":104}},"12":{"start":{"line":33,"column":38},"end":{"line":33,"column":137}},"13":{"start":{"line":34,"column":8},"end":{"line":38,"column":null}},"14":{"start":{"line":35,"column":20},"end":{"line":35,"column":112}},"15":{"start":{"line":35,"column":46},"end":{"line":35,"column":111}},"16":{"start":{"line":36,"column":12},"end":{"line":36,"column":null}},"17":{"start":{"line":37,"column":12},"end":{"line":37,"column":98}},"18":{"start":{"line":37,"column":63},"end":{"line":37,"column":96}},"19":{"start":{"line":39,"column":8},"end":{"line":39,"column":34}},"20":{"start":{"line":43,"column":20},"end":{"line":43,"column":53}},"21":{"start":{"line":44,"column":8},"end":{"line":45,"column":null}},"22":{"start":{"line":45,"column":12},"end":{"line":45,"column":null}},"23":{"start":{"line":46,"column":8},"end":{"line":46,"column":null}},"24":{"start":{"line":50,"column":29},"end":{"line":50,"column":30}},"25":{"start":{"line":51,"column":8},"end":{"line":51,"column":null}},"26":{"start":{"line":51,"column":64},"end":{"line":51,"column":86}},"27":{"start":{"line":51,"column":128},"end":{"line":51,"column":173}},"28":{"start":{"line":55,"column":21},"end":{"line":55,"column":77}},"29":{"start":{"line":55,"column":68},"end":{"line":55,"column":76}},"30":{"start":{"line":56,"column":8},"end":{"line":56,"column":null}},"31":{"start":{"line":56,"column":19},"end":{"line":56,"column":null}},"32":{"start":{"line":57,"column":8},"end":{"line":57,"column":null}},"33":{"start":{"line":58,"column":8},"end":{"line":58,"column":21}},"34":{"start":{"line":4,"column":0},"end":{"line":4,"column":21}}},"fnMap":{"0":{"name":"(anonymous_0)","decl":{"start":{"line":7,"column":4},"end":{"line":7,"column":16}},"loc":{"start":{"line":7,"column":53},"end":{"line":9,"column":5}}},"1":{"name":"(anonymous_1)","decl":{"start":{"line":11,"column":4},"end":{"line":11,"column":16}},"loc":{"start":{"line":11,"column":16},"end":{"line":13,"column":5}}},"2":{"name":"(anonymous_2)","decl":{"start":{"line":15,"column":4},"end":{"line":15,"column":12}},"loc":{"start":{"line":15,"column":22},"end":{"line":18,"column":5}}},"3":{"name":"(anonymous_3)","decl":{"start":{"line":16,"column":65},"end":{"line":16,"column":66}},"loc":{"start":{"line":16,"column":68},"end":{"line":16,"column":76}}},"4":{"name":"(anonymous_4)","decl":{"start":{"line":20,"column":4},"end":{"line":20,"column":15}},"loc":{"start":{"line":20,"column":49},"end":{"line":28,"column":5}}},"5":{"name":"(anonymous_5)","decl":{"start":{"line":22,"column":70},"end":{"line":22,"column":71}},"loc":{"start":{"line":22,"column":73},"end":{"line":22,"column":77}}},"6":{"name":"(anonymous_6)","decl":{"start":{"line":30,"column":4},"end":{"line":30,"column":17}},"loc":{"start":{"line":30,"column":38},"end":{"line":40,"column":5}}},"7":{"name":"(anonymous_7)","decl":{"start":{"line":32,"column":79},"end":{"line":32,"column":80}},"loc":{"start":{"line":32,"column":82},"end":{"line":32,"column":104}}},"8":{"name":"(anonymous_8)","decl":{"start":{"line":35,"column":43},"end":{"line":35,"column":44}},"loc":{"start":{"line":35,"column":46},"end":{"line":35,"column":111}}},"9":{"name":"(anonymous_9)","decl":{"start":{"line":37,"column":30},"end":{"line":37,"column":31}},"loc":{"start":{"line":37,"column":63},"end":{"line":37,"column":96}}},"10":{"name":"(anonymous_10)","decl":{"start":{"line":42,"column":4},"end":{"line":42,"column":15}},"loc":{"start":{"line":42,"column":46},"end":{"line":47,"column":5}}},"11":{"name":"(anonymous_11)","decl":{"start":{"line":49,"column":4},"end":{"line":49,"column":24}},"loc":{"start":{"line":49,"column":24},"end":{"line":52,"column":5}}},"12":{"name":"(anonymous_12)","decl":{"start":{"line":51,"column":61},"end":{"line":51,"column":62}},"loc":{"start":{"line":51,"column":64},"end":{"line":51,"column":86}}},"13":{"name":"(anonymous_13)","decl":{"start":{"line":51,"column":95},"end":{"line":51,"column":96}},"loc":{"start":{"line":51,"column":128},"end":{"line":51,"column":173}}},"14":{"name":"(anonymous_14)","decl":{"start":{"line":54,"column":4},"end":{"line":54,"column":26}},"loc":{"start":{"line":54,"column":61},"end":{"line":59,"column":5}}},"15":{"name":"(anonymous_15)","decl":{"start":{"line":55,"column":65},"end":{"line":55,"column":66}},"loc":{"start":{"line":55,"column":68},"end":{"line":55,"column":76}}}},"branchMap":{"0":{"loc":{"start":{"line":34,"column":8},"end":{"line":38,"column":null}},"type":"if","locations":[{"start":{"line":34,"column":8},"end":{"line":38,"column":null}}]},"1":{"loc":{"start":{"line":44,"column":8},"end":{"line":45,"column":null}},"type":"if","locations":[{"start":{"line":44,"column":8},"end":{"line":45,"column":null}}]},"2":{"loc":{"start":{"line":56,"column":8},"end":{"line":56,"column":null}},"type":"if","locations":[{"start":{"line":56,"column":8},"end":{"line":56,"column":null}}]}},"s":{"0":7,"1":2,"2":1,"3":1,"4":1,"5":1,"6":3,"7":1,"8":1,"9":4,"10":4,"11":12,"12":4,"13":4,"14":3,"15":9,"16":3,"17":3,"18":9,"19":1,"20":3,"21":3,"22":1,"23":2,"24":4,"25":4,"26":12,"27":12,"28":4,"29":9,"30":4,"31":0,"32":4,"33":4,"34":1},"f":{"0":7,"1":2,"2":1,"3":1,"4":1,"5":3,"6":4,"7":12,"8":9,"9":9,"10":3,"11":4,"12":12,"13":12,"14":4,"15":9},"b":{"0":[3],"1":[1],"2":[0]}}
}
