TN:
SF:src\inyector\inyector.repository.ts
FN:4,(anonymous_1)
FN:7,(anonymous_2)
FNF:2
FNH:2
FNDA:7,(anonymous_1)
FNDA:21,(anonymous_2)
DA:2,1
DA:4,1
DA:5,7
DA:8,21
LF:4
LH:4
BRF:0
BRH:0
end_of_record
TN:
SF:src\inyector\inyector.service.ts
FN:7,(anonymous_0)
FN:11,(anonymous_1)
FN:15,(anonymous_2)
FN:16,(anonymous_3)
FN:20,(anonymous_4)
FN:22,(anonymous_5)
FN:30,(anonymous_6)
FN:32,(anonymous_7)
FN:35,(anonymous_8)
FN:37,(anonymous_9)
FN:42,(anonymous_10)
FN:49,(anonymous_11)
FN:51,(anonymous_12)
FN:51,(anonymous_13)
FN:54,(anonymous_14)
FN:55,(anonymous_15)
FNF:16
FNH:16
FNDA:7,(anonymous_0)
FNDA:2,(anonymous_1)
FNDA:1,(anonymous_2)
FNDA:1,(anonymous_3)
FNDA:1,(anonymous_4)
FNDA:3,(anonymous_5)
FNDA:4,(anonymous_6)
FNDA:12,(anonymous_7)
FNDA:9,(anonymous_8)
FNDA:9,(anonymous_9)
FNDA:3,(anonymous_10)
FNDA:4,(anonymous_11)
FNDA:12,(anonymous_12)
FNDA:12,(anonymous_13)
FNDA:4,(anonymous_14)
FNDA:9,(anonymous_15)
DA:4,1
DA:8,7
DA:12,2
DA:16,1
DA:17,1
DA:21,1
DA:22,3
DA:26,1
DA:27,1
DA:31,4
DA:32,12
DA:33,4
DA:34,4
DA:35,9
DA:36,3
DA:37,9
DA:39,1
DA:43,3
DA:44,3
DA:45,1
DA:46,2
DA:50,4
DA:51,12
DA:55,9
DA:56,4
DA:57,4
DA:58,4
LF:27
LH:27
BRDA:34,0,0,3
BRDA:44,1,0,1
BRDA:56,2,0,0
BRF:3
BRH:2
end_of_record
